<?xml version="1.0" encoding="UTF-8"?>
<testsuite xmlns:xsi="http://www.w3.org/2001/XMLSchema-instance" xsi:noNamespaceSchemaLocation="https://maven.apache.org/surefire/maven-surefire-plugin/xsd/surefire-test-report-3.0.xsd" version="3.0" name="com.example.transactional.ConcurrencyIntegrationTest" time="2.057" tests="1" errors="0" skipped="0" failures="0">
  <properties>
[...]
</properties>
  <testcase name="shouldPreventDoublePayment_WhenExecuteConcurrently" classname="com.example.transactional.ConcurrencyIntegrationTest" time="0.329">
    <system-out><![CDATA[15:29:12.058 [main] INFO org.springframework.test.context.support.AnnotationConfigContextLoaderUtils -- Could not detect default configuration classes for test class [com.example.transactional.ConcurrencyIntegrationTest]: ConcurrencyIntegrationTest does not declare any static, non-private, non-final, nested classes annotated with @Configuration.
15:29:12.094 [main] INFO org.springframework.boot.test.context.SpringBootTestContextBootstrapper -- Found @SpringBootConfiguration com.example.transactional.TransactionalApp for test class com.example.transactional.ConcurrencyIntegrationTest

  .   ____          _            __ _ _
 /\\ / ___'_ __ _ _(_)_ __  __ _ \ \ \ \
( ( )\___ | '_ | '_| | '_ \/ _` | \ \ \ \
 \\/  ___)| |_)| | | | | || (_| |  ) ) ) )
  '  |____| .__|_| |_|_| |_\__, | / / / /
 =========|_|==============|___/=/_/_/_/
 :: Spring Boot ::                (v3.2.1)

2026-01-29T15:29:12.225+05:30  INFO 12362 --- [           main] c.e.t.ConcurrencyIntegrationTest         : Starting ConcurrencyIntegrationTest using Java 17.0.18 with PID 12362 (started by ojas in /Users/ojas/Documents/projects/Transactional Order & Payment Processing System)
2026-01-29T15:29:12.226+05:30  INFO 12362 --- [           main] c.e.t.ConcurrencyIntegrationTest         : No active profile set, falling back to 1 default profile: "default"
2026-01-29T15:29:12.510+05:30  INFO 12362 --- [           main] .s.d.r.c.RepositoryConfigurationDelegate : Bootstrapping Spring Data JPA repositories in DEFAULT mode.
2026-01-29T15:29:12.528+05:30  INFO 12362 --- [           main] .s.d.r.c.RepositoryConfigurationDelegate : Finished Spring Data repository scanning in 15 ms. Found 2 JPA repository interfaces.
2026-01-29T15:29:12.559+05:30  INFO 12362 --- [           main] beddedDataSourceBeanFactoryPostProcessor : Replacing 'dataSource' DataSource bean with embedded version
2026-01-29T15:29:12.626+05:30  INFO 12362 --- [           main] o.s.j.d.e.EmbeddedDatabaseFactory        : Starting embedded database: url='jdbc:h2:mem:0bc3fa6f-3026-42a2-8925-ac0b0a14806d;DB_CLOSE_DELAY=-1;DB_CLOSE_ON_EXIT=false', username='sa'
2026-01-29T15:29:12.727+05:30  INFO 12362 --- [           main] o.hibernate.jpa.internal.util.LogHelper  : HHH000204: Processing PersistenceUnitInfo [name: default]
2026-01-29T15:29:12.753+05:30  INFO 12362 --- [           main] org.hibernate.Version                    : HHH000412: Hibernate ORM core version 6.4.1.Final
2026-01-29T15:29:12.765+05:30  INFO 12362 --- [           main] o.h.c.internal.RegionFactoryInitiator    : HHH000026: Second-level cache disabled
2026-01-29T15:29:12.838+05:30  INFO 12362 --- [           main] o.s.o.j.p.SpringPersistenceUnitInfo      : No LoadTimeWeaver setup: ignoring JPA class transformer
2026-01-29T15:29:13.268+05:30  INFO 12362 --- [           main] o.h.e.t.j.p.i.JtaPlatformInitiator       : HHH000489: No JTA platform available (set 'hibernate.transaction.jta.platform' to enable JTA platform integration)
Hibernate: 
    create table orders (
        id uuid not null,
        amount numeric(38,2) not null,
        created_at timestamp(6),
        status varchar(255) not null check (status in ('CREATED','PAID','FAILED','CANCELLED')),
        updated_at timestamp(6),
        user_id uuid not null,
        version integer,
        primary key (id)
    )
Hibernate: 
    create table payments (
        id uuid not null,
        amount numeric(38,2) not null,
        created_at timestamp(6),
        idempotency_key uuid not null,
        status varchar(255) not null check (status in ('INITIATED','SUCCESS','FAILED')),
        order_id uuid not null,
        primary key (id)
    )
Hibernate: 
    alter table if exists payments 
       drop constraint if exists UK_j4pdqn1207fuhx2gybp1ue799
Hibernate: 
    alter table if exists payments 
       add constraint UK_j4pdqn1207fuhx2gybp1ue799 unique (idempotency_key)
Hibernate: 
    alter table if exists payments 
       add constraint FK81gagumt0r8y3rmudcgpbk42l 
       foreign key (order_id) 
       references orders
2026-01-29T15:29:13.291+05:30  INFO 12362 --- [           main] j.LocalContainerEntityManagerFactoryBean : Initialized JPA EntityManagerFactory for persistence unit 'default'
2026-01-29T15:29:13.390+05:30  INFO 12362 --- [           main] o.s.d.j.r.query.QueryEnhancerFactory     : Hibernate is in classpath; If applicable, HQL parser will be used.
2026-01-29T15:29:13.596+05:30  WARN 12362 --- [           main] JpaBaseConfiguration$JpaWebConfiguration : spring.jpa.open-in-view is enabled by default. Therefore, database queries may be performed during view rendering. Explicitly configure spring.jpa.open-in-view to disable this warning
2026-01-29T15:29:13.720+05:30  INFO 12362 --- [           main] c.e.t.ConcurrencyIntegrationTest         : Started ConcurrencyIntegrationTest in 1.574 seconds (process running for 1.894)
Hibernate: 
    insert 
    into
        orders
        (amount, created_at, status, updated_at, user_id, version, id) 
    values
        (?, ?, ?, ?, ?, ?, ?)
Hibernate: 
    select
        p1_0.id,
        p1_0.amount,
        p1_0.created_at,
        p1_0.idempotency_key,
        p1_0.order_id,
        p1_0.status 
    from
        payments p1_0 
    where
        p1_0.idempotency_key=?
Hibernate: 
    select
        p1_0.id,
        p1_0.amount,
        p1_0.created_at,
        p1_0.idempotency_key,
        p1_0.order_id,
        p1_0.status 
    from
        payments p1_0 
    where
        p1_0.idempotency_key=?
Hibernate: 
    select
        p1_0.id,
        p1_0.amount,
        p1_0.created_at,
        p1_0.idempotency_key,
        p1_0.order_id,
        p1_0.status 
    from
        payments p1_0 
    where
        p1_0.idempotency_key=?
Hibernate: 
    select
        p1_0.id,
        p1_0.amount,
        p1_0.created_at,
        p1_0.idempotency_key,
        p1_0.order_id,
        p1_0.status 
    from
        payments p1_0 
    where
        p1_0.idempotency_key=?
Hibernate: 
    select
        p1_0.id,
        p1_0.amount,
        p1_0.created_at,
        p1_0.idempotency_key,
        p1_0.order_id,
        p1_0.status 
    from
        payments p1_0 
    where
        p1_0.idempotency_key=?
Hibernate: 
    select
        p1_0.id,
        p1_0.amount,
        p1_0.created_at,
        p1_0.idempotency_key,
        p1_0.order_id,
        p1_0.status 
    from
        payments p1_0 
    where
        p1_0.idempotency_key=?
Hibernate: 
    select
        p1_0.id,
        p1_0.amount,
        p1_0.created_at,
        p1_0.idempotency_key,
        p1_0.order_id,
        p1_0.status 
    from
        payments p1_0 
    where
        p1_0.idempotency_key=?
Hibernate: 
    select
        p1_0.id,
        p1_0.amount,
        p1_0.created_at,
        p1_0.idempotency_key,
        p1_0.order_id,
        p1_0.status 
    from
        payments p1_0 
    where
        p1_0.idempotency_key=?
Hibernate: 
    select
        p1_0.id,
        p1_0.amount,
        p1_0.created_at,
        p1_0.idempotency_key,
        p1_0.order_id,
        p1_0.status 
    from
        payments p1_0 
    where
        p1_0.idempotency_key=?
Hibernate: 
    select
        p1_0.id,
        p1_0.amount,
        p1_0.created_at,
        p1_0.idempotency_key,
        p1_0.order_id,
        p1_0.status 
    from
        payments p1_0 
    where
        p1_0.idempotency_key=?
Hibernate: 
    select
        o1_0.id,
        o1_0.amount,
        o1_0.created_at,
        o1_0.status,
        o1_0.updated_at,
        o1_0.user_id,
        o1_0.version 
    from
        orders o1_0 
    where
        o1_0.id=? for update
Hibernate: 
    select
        o1_0.id,
        o1_0.amount,
        o1_0.created_at,
        o1_0.status,
        o1_0.updated_at,
        o1_0.user_id,
        o1_0.version 
    from
        orders o1_0 
    where
        o1_0.id=? for update
Hibernate: 
    select
        o1_0.id,
        o1_0.amount,
        o1_0.created_at,
        o1_0.status,
        o1_0.updated_at,
        o1_0.user_id,
        o1_0.version 
    from
        orders o1_0 
    where
        o1_0.id=? for update
Hibernate: 
    select
        o1_0.id,
        o1_0.amount,
        o1_0.created_at,
        o1_0.status,
        o1_0.updated_at,
        o1_0.user_id,
        o1_0.version 
    from
        orders o1_0 
    where
        o1_0.id=? for update
Hibernate: 
    select
        o1_0.id,
        o1_0.amount,
        o1_0.created_at,
        o1_0.status,
        o1_0.updated_at,
        o1_0.user_id,
        o1_0.version 
    from
        orders o1_0 
    where
        o1_0.id=? for update
Hibernate: 
    select
        o1_0.id,
        o1_0.amount,
        o1_0.created_at,
        o1_0.status,
        o1_0.updated_at,
        o1_0.user_id,
        o1_0.version 
    from
        orders o1_0 
    where
        o1_0.id=? for update
Hibernate: 
    select
        o1_0.id,
        o1_0.amount,
        o1_0.created_at,
        o1_0.status,
        o1_0.updated_at,
        o1_0.user_id,
        o1_0.version 
    from
        orders o1_0 
    where
        o1_0.id=? for update
Hibernate: 
    select
        o1_0.id,
        o1_0.amount,
        o1_0.created_at,
        o1_0.status,
        o1_0.updated_at,
        o1_0.user_id,
        o1_0.version 
    from
        orders o1_0 
    where
        o1_0.id=? for update
Hibernate: 
    select
        o1_0.id,
        o1_0.amount,
        o1_0.created_at,
        o1_0.status,
        o1_0.updated_at,
        o1_0.user_id,
        o1_0.version 
    from
        orders o1_0 
    where
        o1_0.id=? for update
Hibernate: 
    select
        o1_0.id,
        o1_0.amount,
        o1_0.created_at,
        o1_0.status,
        o1_0.updated_at,
        o1_0.user_id,
        o1_0.version 
    from
        orders o1_0 
    where
        o1_0.id=? for update
Hibernate: 
    insert 
    into
        payments
        (amount, created_at, idempotency_key, order_id, status, id) 
    values
        (?, ?, ?, ?, ?, ?)
Hibernate: 
    update
        orders 
    set
        amount=?,
        created_at=?,
        status=?,
        updated_at=?,
        user_id=?,
        version=? 
    where
        id=? 
        and version=?
Successes: 1
Failures: 9
Hibernate: 
    select
        o1_0.id,
        o1_0.amount,
        o1_0.created_at,
        o1_0.status,
        o1_0.updated_at,
        o1_0.user_id,
        o1_0.version 
    from
        orders o1_0 
    where
        o1_0.id=?
]]></system-out>
  </testcase>
</testsuite>